#
# There is insufficient memory for the Java Runtime Environment to continue.
# Native memory allocation (mmap) failed to map 27262976 bytes for G1 virtual space
# Possible reasons:
#   The system is out of physical RAM or swap space
#   The process is running with CompressedOops enabled, and the Java Heap may be blocking the growth of the native heap
# Possible solutions:
#   Reduce memory load on the system
#   Increase physical memory or swap space
#   Check if swap backing store is full
#   Decrease Java heap size (-Xmx/-Xms)
#   Decrease number of Java threads
#   Decrease Java thread stack sizes (-Xss)
#   Set larger code cache with -XX:ReservedCodeCacheSize=
#   JVM is running with Unscaled Compressed Oops mode in which the Java heap is
#     placed in the first 4GB address space. The Java Heap base address is the
#     maximum limit for the native heap growth. Please use -XX:HeapBaseMinAddress
#     to set the Java Heap base and to place the Java Heap above 4GB virtual address.
# This output file may be truncated or incomplete.
#
#  Out of Memory Error (os_windows.cpp:3527), pid=21164, tid=6436
#
# JRE version: Java(TM) SE Runtime Environment (19.0.1+10) (build 19.0.1+10-21)
# Java VM: Java HotSpot(TM) 64-Bit Server VM (19.0.1+10-21, mixed mode, emulated-client, sharing, tiered, compressed oops, compressed class ptrs, g1 gc, windows-amd64)
# No core dump will be written. Minidumps are not enabled by default on client versions of Windows
#

---------------  S U M M A R Y ------------

Command Line: -XX:TieredStopAtLevel=1 -Dspring.profiles.active=dev -Dspring.output.ansi.enabled=always -Dcom.sun.management.jmxremote -Dspring.jmx.enabled=true -Dspring.liveBeansView.mbeanDomain -Dspring.application.admin.enabled=true -Dmanagement.endpoints.jmx.exposure.include=* -javaagent:C:\Program Files\JetBrains\IntelliJ IDEA 2023.1.1\lib\idea_rt.jar=57355:C:\Program Files\JetBrains\IntelliJ IDEA 2023.1.1\bin -Dfile.encoding=UTF-8 -Dsun.stdout.encoding=UTF-8 -Dsun.stderr.encoding=UTF-8 com.loan.hero.HeroApplication

Host: Intel(R) Core(TM) i5-6300U CPU @ 2.40GHz, 4 cores, 7G,  Windows 11 , 64 bit Build 22621 (10.0.22621.1835)
Time: Wed Jun 14 11:38:11 2023 W. Central Africa Standard Time elapsed time: 20.031737 seconds (0d 0h 0m 20s)

---------------  T H R E A D  ---------------

Current thread (0x000001f45c13cff0):  VMThread "VM Thread" [stack: 0x0000003732100000,0x0000003732200000] [id=6436]

Stack: [0x0000003732100000,0x0000003732200000]
Native frames: (J=compiled Java code, j=interpreted, Vv=VM code, C=native code)
V  [jvm.dll+0x6ee8fa]
V  [jvm.dll+0x857a1e]
V  [jvm.dll+0x85940e]
V  [jvm.dll+0x859ac3]
V  [jvm.dll+0x28291f]
V  [jvm.dll+0x6eb6e9]
V  [jvm.dll+0x6e028a]
V  [jvm.dll+0x357136]
V  [jvm.dll+0x35eb96]
V  [jvm.dll+0x3b555e]
V  [jvm.dll+0x3b578f]
V  [jvm.dll+0x32c6ea]
V  [jvm.dll+0x32c797]
V  [jvm.dll+0x374b52]
V  [jvm.dll+0x37328f]
V  [jvm.dll+0x32bf10]
V  [jvm.dll+0x37282b]
V  [jvm.dll+0x85ef83]
V  [jvm.dll+0x85fd49]
V  [jvm.dll+0x86027d]
V  [jvm.dll+0x86070b]
V  [jvm.dll+0x8607c7]
V  [jvm.dll+0x8015fa]
V  [jvm.dll+0x6ed5eb]
C  [ucrtbase.dll+0x29363]
C  [KERNEL32.DLL+0x126ad]
C  [ntdll.dll+0x5a9f8]

VM_Operation (0x0000003733efd3a0): G1CollectForAllocation, mode: safepoint, requested by thread 0x000001f462932b10


---------------  P R O C E S S  ---------------

Threads class SMR info:
_java_thread_list=0x000001f4635b46d0, length=35, elements={
0x000001f44a423180, 0x000001f45c158f70, 0x000001f45c159c40, 0x000001f45c15a910,
0x000001f45c15b440, 0x000001f45c15dd80, 0x000001f45c15e6b0, 0x000001f45c15fff0,
0x000001f45c18f680, 0x000001f45c129e20, 0x000001f4604f7750, 0x000001f4604fdcf0,
0x000001f4607f73f0, 0x000001f4607f7930, 0x000001f460d22c40, 0x000001f46140b9e0,
0x000001f4613fe080, 0x000001f4613f8a60, 0x000001f461416340, 0x000001f461eb45c0,
0x000001f461eb4070, 0x000001f461eb4b10, 0x000001f461eb5060, 0x000001f461eb55b0,
0x000001f462936580, 0x000001f462937ac0, 0x000001f4629345a0, 0x000001f462932b10,
0x000001f462938010, 0x000001f4629325c0, 0x000001f462933060, 0x000001f462931080,
0x000001f4629335b0, 0x000001f462933b00, 0x000001f462934050
}

Java Threads: ( => current thread )
  0x000001f44a423180 JavaThread "main" [_thread_blocked, id=1072, stack(0x0000003731b00000,0x0000003731c00000)]
  0x000001f45c158f70 JavaThread "Reference Handler" daemon [_thread_blocked, id=19248, stack(0x0000003732200000,0x0000003732300000)]
  0x000001f45c159c40 JavaThread "Finalizer" daemon [_thread_blocked, id=12312, stack(0x0000003732300000,0x0000003732400000)]
  0x000001f45c15a910 JavaThread "Signal Dispatcher" daemon [_thread_blocked, id=8600, stack(0x0000003732400000,0x0000003732500000)]
  0x000001f45c15b440 JavaThread "Attach Listener" daemon [_thread_blocked, id=20724, stack(0x0000003732500000,0x0000003732600000)]
  0x000001f45c15dd80 JavaThread "Service Thread" daemon [_thread_blocked, id=21320, stack(0x0000003732600000,0x0000003732700000)]
  0x000001f45c15e6b0 JavaThread "Monitor Deflation Thread" daemon [_thread_blocked, id=4632, stack(0x0000003732700000,0x0000003732800000)]
  0x000001f45c15fff0 JavaThread "C1 CompilerThread0" daemon [_thread_blocked, id=15664, stack(0x0000003732800000,0x0000003732900000)]
  0x000001f45c18f680 JavaThread "Sweeper thread" daemon [_thread_blocked, id=21440, stack(0x0000003732900000,0x0000003732a00000)]
  0x000001f45c129e20 JavaThread "Common-Cleaner" daemon [_thread_blocked, id=9320, stack(0x0000003732a00000,0x0000003732b00000)]
  0x000001f4604f7750 JavaThread "C1 CompilerThread1" daemon [_thread_blocked, id=13736, stack(0x0000003732b00000,0x0000003732c00000)]
  0x000001f4604fdcf0 JavaThread "C1 CompilerThread2" daemon [_thread_blocked, id=1480, stack(0x0000003732c00000,0x0000003732d00000)]
  0x000001f4607f73f0 JavaThread "Monitor Ctrl-Break" daemon [_thread_in_native, id=516, stack(0x0000003732d00000,0x0000003732e00000)]
  0x000001f4607f7930 JavaThread "Notification Thread" daemon [_thread_blocked, id=7864, stack(0x0000003732e00000,0x0000003732f00000)]
  0x000001f460d22c40 JavaThread "RMI TCP Accept-0" daemon [_thread_in_native, id=1708, stack(0x0000003733200000,0x0000003733300000)]
  0x000001f46140b9e0 JavaThread "RMI TCP Connection(2)-172.16.0.31" daemon [_thread_in_native, id=19880, stack(0x0000003733400000,0x0000003733500000)]
  0x000001f4613fe080 JavaThread "Thread-0" [_thread_blocked, id=1368, stack(0x0000003733500000,0x0000003733600000)]
  0x000001f4613f8a60 JavaThread "restartedMain" [_thread_blocked, id=15836, stack(0x0000003733600000,0x0000003733700000)]
  0x000001f461416340 JavaThread "RMI Scheduler(0)" daemon [_thread_blocked, id=13476, stack(0x0000003733700000,0x0000003733800000)]
  0x000001f461eb45c0 JavaThread "Catalina-utility-1" [_thread_blocked, id=19908, stack(0x0000003733800000,0x0000003733900000)]
  0x000001f461eb4070 JavaThread "Catalina-utility-2" [_thread_blocked, id=19692, stack(0x0000003733900000,0x0000003733a00000)]
  0x000001f461eb4b10 JavaThread "container-0" [_thread_blocked, id=19640, stack(0x0000003733a00000,0x0000003733b00000)]
  0x000001f461eb5060 JavaThread "RMI TCP Connection(4)-172.16.0.31" daemon [_thread_in_native, id=16836, stack(0x0000003733b00000,0x0000003733c00000)]
  0x000001f461eb55b0 JavaThread "HikariPool-1 housekeeper" daemon [_thread_blocked, id=17396, stack(0x0000003733d00000,0x0000003733e00000)]
  0x000001f462936580 JavaThread "RMI TCP Connection(6)-172.16.0.31" daemon [_thread_in_native, id=20756, stack(0x0000003733f00000,0x0000003734000000)]
  0x000001f462937ac0 JavaThread "RMI TCP Connection(7)-172.16.0.31" daemon [_thread_in_native, id=16256, stack(0x0000003734000000,0x0000003734100000)]
  0x000001f4629345a0 JavaThread "boundedElastic-evictor-1" daemon [_thread_blocked, id=6872, stack(0x0000003734100000,0x0000003734200000)]
  0x000001f462932b10 JavaThread "ClassGraph-worker-16" daemon [_thread_blocked, id=19964, stack(0x0000003733e00000,0x0000003733f00000)]
  0x000001f462938010 JavaThread "ClassGraph-worker-17" daemon [_thread_blocked, id=2220, stack(0x0000003734200000,0x0000003734300000)]
  0x000001f4629325c0 JavaThread "ClassGraph-worker-18" daemon [_thread_blocked, id=16116, stack(0x0000003734300000,0x0000003734400000)]
  0x000001f462933060 JavaThread "ClassGraph-worker-19" daemon [_thread_blocked, id=1428, stack(0x0000003734400000,0x0000003734500000)]
  0x000001f462931080 JavaThread "ClassGraph-worker-20" daemon [_thread_blocked, id=20884, stack(0x0000003734500000,0x0000003734600000)]
  0x000001f4629335b0 JavaThread "ClassGraph-worker-21" daemon [_thread_blocked, id=5956, stack(0x0000003734600000,0x0000003734700000)]
  0x000001f462933b00 JavaThread "ClassGraph-worker-22" daemon [_thread_blocked, id=17556, stack(0x0000003734700000,0x0000003734800000)]
  0x000001f462934050 JavaThread "ClassGraph-worker-23" daemon [_thread_blocked, id=15696, stack(0x0000003734800000,0x0000003734900000)]

Other Threads:
=>0x000001f45c13cff0 VMThread "VM Thread" [stack: 0x0000003732100000,0x0000003732200000] [id=6436]
  0x000001f460cf8ae0 WatcherThread "VM Periodic Task Thread" [stack: 0x0000003733300000,0x0000003733400000] [id=19648]
  0x000001f44a4821c0 WorkerThread "GC Thread#0" [stack: 0x0000003731c00000,0x0000003731d00000] [id=19192]
  0x000001f460c3ce00 WorkerThread "GC Thread#1" [stack: 0x0000003732f00000,0x0000003733000000] [id=2960]
  0x000001f460c3d0d0 WorkerThread "GC Thread#2" [stack: 0x0000003733000000,0x0000003733100000] [id=10436]
  0x000001f460c59dd0 WorkerThread "GC Thread#3" [stack: 0x0000003733100000,0x0000003733200000] [id=9308]
  0x000001f44a492d60 ConcurrentGCThread "G1 Main Marker" [stack: 0x0000003731d00000,0x0000003731e00000] [id=13384]
  0x000001f44a493a90 WorkerThread "G1 Conc#0" [stack: 0x0000003731e00000,0x0000003731f00000] [id=21100]
  0x000001f44a4cdd80 ConcurrentGCThread "G1 Refine#0" [stack: 0x0000003731f00000,0x0000003732000000] [id=21324]
  0x000001f44a4cebc0 ConcurrentGCThread "G1 Service" [stack: 0x0000003732000000,0x0000003732100000] [id=20936]

Threads with active compile tasks:

VM state: at safepoint (normal execution)

VM Mutex/Monitor currently owned by a thread:  ([mutex/lock_event])
[0x000001f44a41e0e0] Threads_lock - owner thread: 0x000001f45c13cff0
[0x000001f44a41ee60] Heap_lock - owner thread: 0x000001f462932b10

Heap address: 0x0000000081e00000, size: 2018 MB, Compressed Oops mode: 32-bit

CDS archive(s) mapped at: [0x0000000800000000-0x0000000800c40000-0x0000000800c40000), size 12845056, SharedBaseAddress: 0x0000000800000000, ArchiveRelocationMode: 0.
Compressed class space mapped at: 0x0000000801000000-0x0000000841000000, reserved size: 1073741824
Narrow klass base: 0x0000000800000000, Narrow klass shift: 0, Narrow klass range: 0x100000000

GC Precious Log:
 CardTable entry size: 512
 Card Set container configuration: InlinePtr #cards 5 size 8 Array Of Cards #cards 12 size 40 Howl #buckets 4 coarsen threshold 1843 Howl Bitmap #cards 512 size 80 coarsen threshold 460 Card regions per heap region 1 cards per card region 2048
 CPUs: 4 total, 4 available
 Memory: 8071M
 Large Page Support: Disabled
 NUMA Support: Disabled
 Compressed Oops: Enabled (32-bit)
 Heap Region Size: 1M
 Heap Min Capacity: 8M
 Heap Initial Capacity: 128M
 Heap Max Capacity: 2018M
 Pre-touch: Disabled
 Parallel Workers: 4
 Concurrent Workers: 1
 Concurrent Refinement Workers: 4
 Periodic GC: Disabled

Heap:
 garbage-first heap   total 104448K, used 56088K [0x0000000081e00000, 0x0000000100000000)
  region size 1024K, 2 young (2048K), 2 survivors (2048K)
 Metaspace       used 69718K, committed 70592K, reserved 1114112K
  class space    used 9830K, committed 10240K, reserved 1048576K

Heap Regions: E=young(eden), S=young(survivor), O=old, HS=humongous(starts), HC=humongous(continues), CS=collection set, F=free, OA=open archive, CA=closed archive, TAMS=top-at-mark-start (previous, next)
|   0|0x0000000081e00000, 0x0000000081f00000, 0x0000000081f00000|100%|HS|  |TAMS 0x0000000081f00000, 0x0000000081e00000| Complete 
|   1|0x0000000081f00000, 0x0000000082000000, 0x0000000082000000|100%| O|  |TAMS 0x0000000082000000, 0x0000000081f00000| Untracked 
|   2|0x0000000082000000, 0x0000000082100000, 0x0000000082100000|100%| O|  |TAMS 0x0000000082100000, 0x0000000082000000| Untracked 
|   3|0x0000000082100000, 0x0000000082200000, 0x0000000082200000|100%| O|  |TAMS 0x0000000082200000, 0x0000000082100000| Untracked 
|   4|0x0000000082200000, 0x0000000082300000, 0x0000000082300000|100%| O|  |TAMS 0x0000000082300000, 0x0000000082200000| Untracked 
|   5|0x0000000082300000, 0x0000000082400000, 0x0000000082400000|100%| O|  |TAMS 0x0000000082400000, 0x0000000082300000| Untracked 
|   6|0x0000000082400000, 0x0000000082500000, 0x0000000082500000|100%| O|  |TAMS 0x0000000082500000, 0x0000000082400000| Untracked 
|   7|0x0000000082500000, 0x0000000082600000, 0x0000000082600000|100%| O|  |TAMS 0x0000000082600000, 0x0000000082500000| Untracked 
|   8|0x0000000082600000, 0x0000000082700000, 0x0000000082700000|100%| O|  |TAMS 0x0000000082700000, 0x0000000082600000| Untracked 
|   9|0x0000000082700000, 0x0000000082800000, 0x0000000082800000|100%| O|  |TAMS 0x0000000082800000, 0x0000000082700000| Untracked 
|  10|0x0000000082800000, 0x0000000082900000, 0x0000000082900000|100%| O|  |TAMS 0x0000000082900000, 0x0000000082800000| Untracked 
|  11|0x0000000082900000, 0x0000000082a00000, 0x0000000082a00000|100%| O|  |TAMS 0x0000000082a00000, 0x0000000082900000| Untracked 
|  12|0x0000000082a00000, 0x0000000082b00000, 0x0000000082b00000|100%| O|  |TAMS 0x0000000082b00000, 0x0000000082a00000| Untracked 
|  13|0x0000000082b00000, 0x0000000082c00000, 0x0000000082c00000|100%| O|  |TAMS 0x0000000082c00000, 0x0000000082b00000| Untracked 
|  14|0x0000000082c00000, 0x0000000082d00000, 0x0000000082d00000|100%| O|  |TAMS 0x0000000082d00000, 0x0000000082c00000| Untracked 
|  15|0x0000000082d00000, 0x0000000082e00000, 0x0000000082e00000|100%| O|  |TAMS 0x0000000082e00000, 0x0000000082d00000| Untracked 
|  16|0x0000000082e00000, 0x0000000082f00000, 0x0000000082f00000|100%| O|  |TAMS 0x0000000082f00000, 0x0000000082e00000| Untracked 
|  17|0x0000000082f00000, 0x0000000083000000, 0x0000000083000000|100%| O|  |TAMS 0x0000000083000000, 0x0000000082f00000| Untracked 
|  18|0x0000000083000000, 0x0000000083100000, 0x0000000083100000|100%| O|  |TAMS 0x0000000083100000, 0x0000000083000000| Untracked 
|  19|0x0000000083100000, 0x0000000083200000, 0x0000000083200000|100%| O|  |TAMS 0x0000000083200000, 0x0000000083100000| Untracked 
|  20|0x0000000083200000, 0x0000000083300000, 0x0000000083300000|100%| O|  |TAMS 0x0000000083300000, 0x0000000083200000| Untracked 
|  21|0x0000000083300000, 0x0000000083400000, 0x0000000083400000|100%| O|  |TAMS 0x0000000083400000, 0x0000000083300000| Untracked 
|  22|0x0000000083400000, 0x0000000083500000, 0x0000000083500000|100%| O|  |TAMS 0x0000000083500000, 0x0000000083400000| Untracked 
|  23|0x0000000083500000, 0x0000000083600000, 0x0000000083600000|100%| O|  |TAMS 0x0000000083600000, 0x0000000083500000| Untracked 
|  24|0x0000000083600000, 0x0000000083700000, 0x0000000083700000|100%| O|  |TAMS 0x0000000083700000, 0x0000000083600000| Untracked 
|  25|0x0000000083700000, 0x0000000083800000, 0x0000000083800000|100%| O|  |TAMS 0x0000000083800000, 0x0000000083700000| Untracked 
|  26|0x0000000083800000, 0x0000000083900000, 0x0000000083900000|100%| O|  |TAMS 0x0000000083900000, 0x0000000083800000| Untracked 
|  27|0x0000000083900000, 0x0000000083a00000, 0x0000000083a00000|100%| O|  |TAMS 0x0000000083a00000, 0x0000000083900000| Untracked 
|  28|0x0000000083a00000, 0x0000000083b00000, 0x0000000083b00000|100%| O|  |TAMS 0x0000000083b00000, 0x0000000083a00000| Untracked 
|  29|0x0000000083b00000, 0x0000000083c00000, 0x0000000083c00000|100%| O|  |TAMS 0x0000000083c00000, 0x0000000083b00000| Untracked 
|  30|0x0000000083c00000, 0x0000000083d00000, 0x0000000083d00000|100%| O|  |TAMS 0x0000000083d00000, 0x0000000083c00000| Untracked 
|  31|0x0000000083d00000, 0x0000000083e00000, 0x0000000083e00000|100%| O|  |TAMS 0x0000000083e00000, 0x0000000083d00000| Untracked 
|  32|0x0000000083e00000, 0x0000000083f00000, 0x0000000083f00000|100%| O|  |TAMS 0x0000000083f00000, 0x0000000083e00000| Untracked 
|  33|0x0000000083f00000, 0x0000000084000000, 0x0000000084000000|100%| O|  |TAMS 0x0000000084000000, 0x0000000083f00000| Untracked 
|  34|0x0000000084000000, 0x0000000084100000, 0x0000000084100000|100%| O|  |TAMS 0x0000000084100000, 0x0000000084000000| Untracked 
|  35|0x0000000084100000, 0x0000000084200000, 0x0000000084200000|100%| O|  |TAMS 0x0000000084100000, 0x0000000084100000| Untracked 
|  36|0x0000000084200000, 0x0000000084300000, 0x0000000084300000|100%| O|  |TAMS 0x0000000084300000, 0x0000000084200000| Untracked 
|  37|0x0000000084300000, 0x0000000084400000, 0x0000000084400000|100%| O|  |TAMS 0x0000000084400000, 0x0000000084300000| Untracked 
|  38|0x0000000084400000, 0x0000000084500000, 0x0000000084500000|100%| O|  |TAMS 0x0000000084500000, 0x0000000084400000| Untracked 
|  39|0x0000000084500000, 0x0000000084600000, 0x0000000084600000|100%| O|  |TAMS 0x0000000084600000, 0x0000000084500000| Untracked 
|  40|0x0000000084600000, 0x0000000084700000, 0x0000000084700000|100%| O|  |TAMS 0x000000008465d400, 0x0000000084600000| Updating 
|  41|0x0000000084700000, 0x0000000084800000, 0x0000000084800000|100%| O|  |TAMS 0x0000000084700000, 0x0000000084700000| Untracked 
|  42|0x0000000084800000, 0x0000000084900000, 0x0000000084900000|100%| O|  |TAMS 0x0000000084800000, 0x0000000084800000| Untracked 
|  43|0x0000000084900000, 0x0000000084a00000, 0x0000000084a00000|100%| O|  |TAMS 0x0000000084900000, 0x0000000084900000| Untracked 
|  44|0x0000000084a00000, 0x0000000084b00000, 0x0000000084b00000|100%| O|  |TAMS 0x0000000084a00000, 0x0000000084a00000| Untracked 
|  45|0x0000000084b00000, 0x0000000084c00000, 0x0000000084c00000|100%| O|  |TAMS 0x0000000084b00000, 0x0000000084b00000| Untracked 
|  46|0x0000000084c00000, 0x0000000084d00000, 0x0000000084d00000|100%| O|  |TAMS 0x0000000084c00000, 0x0000000084c00000| Untracked 
|  47|0x0000000084d00000, 0x0000000084e00000, 0x0000000084e00000|100%| O|  |TAMS 0x0000000084d00000, 0x0000000084d00000| Untracked 
|  48|0x0000000084e00000, 0x0000000084f00000, 0x0000000084f00000|100%| O|  |TAMS 0x0000000084e00000, 0x0000000084e00000| Untracked 
|  49|0x0000000084f00000, 0x0000000085000000, 0x0000000085000000|100%| O|  |TAMS 0x0000000084f00000, 0x0000000084f00000| Untracked 
|  50|0x0000000085000000, 0x0000000085100000, 0x0000000085100000|100%| O|  |TAMS 0x0000000085000000, 0x0000000085000000| Untracked 
|  51|0x0000000085100000, 0x0000000085200000, 0x0000000085200000|100%| O|  |TAMS 0x0000000085100000, 0x0000000085100000| Untracked 
|  52|0x0000000085200000, 0x00000000852c6200, 0x0000000085300000| 77%| O|  |TAMS 0x0000000085200000, 0x0000000085200000| Untracked 
|  53|0x0000000085300000, 0x0000000085300000, 0x0000000085400000|  0%| F|  |TAMS 0x0000000085300000, 0x0000000085300000| Untracked 
|  54|0x0000000085400000, 0x0000000085400000, 0x0000000085500000|  0%| F|  |TAMS 0x0000000085400000, 0x0000000085400000| Untracked 
|  55|0x0000000085500000, 0x0000000085500000, 0x0000000085600000|  0%| F|  |TAMS 0x0000000085500000, 0x0000000085500000| Untracked 
|  56|0x0000000085600000, 0x0000000085600000, 0x0000000085700000|  0%| F|  |TAMS 0x0000000085600000, 0x0000000085600000| Untracked 
|  57|0x0000000085700000, 0x0000000085700000, 0x0000000085800000|  0%| F|  |TAMS 0x0000000085700000, 0x0000000085700000| Untracked 
|  58|0x0000000085800000, 0x0000000085800000, 0x0000000085900000|  0%| F|  |TAMS 0x0000000085800000, 0x0000000085800000| Untracked 
|  59|0x0000000085900000, 0x0000000085900000, 0x0000000085a00000|  0%| F|  |TAMS 0x0000000085900000, 0x0000000085900000| Untracked 
|  60|0x0000000085a00000, 0x0000000085a00000, 0x0000000085b00000|  0%| F|  |TAMS 0x0000000085a00000, 0x0000000085a00000| Untracked 
|  61|0x0000000085b00000, 0x0000000085b00000, 0x0000000085c00000|  0%| F|  |TAMS 0x0000000085b00000, 0x0000000085b00000| Untracked 
|  62|0x0000000085c00000, 0x0000000085c00000, 0x0000000085d00000|  0%| F|  |TAMS 0x0000000085c00000, 0x0000000085c00000| Untracked 
|  63|0x0000000085d00000, 0x0000000085d00000, 0x0000000085e00000|  0%| F|  |TAMS 0x0000000085d00000, 0x0000000085d00000| Untracked 
|  64|0x0000000085e00000, 0x0000000085e00000, 0x0000000085f00000|  0%| F|  |TAMS 0x0000000085e00000, 0x0000000085e00000| Untracked 
|  65|0x0000000085f00000, 0x0000000085f00000, 0x0000000086000000|  0%| F|  |TAMS 0x0000000085f00000, 0x0000000085f00000| Untracked 
|  66|0x0000000086000000, 0x0000000086000000, 0x0000000086100000|  0%| F|  |TAMS 0x0000000086000000, 0x0000000086000000| Untracked 
|  67|0x0000000086100000, 0x0000000086100000, 0x0000000086200000|  0%| F|  |TAMS 0x0000000086100000, 0x0000000086100000| Untracked 
|  68|0x0000000086200000, 0x0000000086200000, 0x0000000086300000|  0%| F|  |TAMS 0x0000000086200000, 0x0000000086200000| Untracked 
|  69|0x0000000086300000, 0x0000000086300000, 0x0000000086400000|  0%| F|  |TAMS 0x0000000086300000, 0x0000000086300000| Untracked 
|  70|0x0000000086400000, 0x0000000086400000, 0x0000000086500000|  0%| F|  |TAMS 0x0000000086400000, 0x0000000086400000| Untracked 
|  71|0x0000000086500000, 0x0000000086500000, 0x0000000086600000|  0%| F|  |TAMS 0x0000000086500000, 0x0000000086500000| Untracked 
|  72|0x0000000086600000, 0x0000000086600000, 0x0000000086700000|  0%| F|  |TAMS 0x0000000086600000, 0x0000000086600000| Untracked 
|  73|0x0000000086700000, 0x0000000086700000, 0x0000000086800000|  0%| F|  |TAMS 0x0000000086700000, 0x0000000086700000| Untracked 
|  74|0x0000000086800000, 0x0000000086800000, 0x0000000086900000|  0%| F|  |TAMS 0x0000000086800000, 0x0000000086800000| Untracked 
|  75|0x0000000086900000, 0x0000000086900000, 0x0000000086a00000|  0%| F|  |TAMS 0x0000000086900000, 0x0000000086900000| Untracked 
|  76|0x0000000086a00000, 0x0000000086a00000, 0x0000000086b00000|  0%| F|  |TAMS 0x0000000086a00000, 0x0000000086a00000| Untracked 
|  77|0x0000000086b00000, 0x0000000086b00000, 0x0000000086c00000|  0%| F|  |TAMS 0x0000000086b00000, 0x0000000086b00000| Untracked 
|  78|0x0000000086c00000, 0x0000000086c00000, 0x0000000086d00000|  0%| F|  |TAMS 0x0000000086c00000, 0x0000000086c00000| Untracked 
|  79|0x0000000086d00000, 0x0000000086d00000, 0x0000000086e00000|  0%| F|  |TAMS 0x0000000086d00000, 0x0000000086d00000| Untracked 
|  80|0x0000000086e00000, 0x0000000086e00000, 0x0000000086f00000|  0%| F|  |TAMS 0x0000000086e00000, 0x0000000086e00000| Untracked 
|  81|0x0000000086f00000, 0x0000000086f00000, 0x0000000087000000|  0%| F|  |TAMS 0x0000000086f00000, 0x0000000086f00000| Untracked 
|  82|0x0000000087000000, 0x0000000087000000, 0x0000000087100000|  0%| F|  |TAMS 0x0000000087000000, 0x0000000087000000| Untracked 
|  83|0x0000000087100000, 0x0000000087100000, 0x0000000087200000|  0%| F|  |TAMS 0x0000000087100000, 0x0000000087100000| Untracked 
|  84|0x0000000087200000, 0x0000000087200000, 0x0000000087300000|  0%| F|  |TAMS 0x0000000087200000, 0x0000000087200000| Untracked 
|  85|0x0000000087300000, 0x0000000087300000, 0x0000000087400000|  0%| F|  |TAMS 0x0000000087300000, 0x0000000087300000| Untracked 
|  86|0x0000000087400000, 0x0000000087400000, 0x0000000087500000|  0%| F|  |TAMS 0x0000000087400000, 0x0000000087400000| Untracked 
|  87|0x0000000087500000, 0x0000000087500000, 0x0000000087600000|  0%| F|  |TAMS 0x0000000087500000, 0x0000000087500000| Untracked 
|  88|0x0000000087600000, 0x0000000087600000, 0x0000000087700000|  0%| F|  |TAMS 0x0000000087600000, 0x0000000087600000| Untracked 
|  89|0x0000000087700000, 0x0000000087700000, 0x0000000087800000|  0%| F|  |TAMS 0x0000000087700000, 0x0000000087700000| Untracked 
|  90|0x0000000087800000, 0x0000000087800000, 0x0000000087900000|  0%| F|  |TAMS 0x0000000087800000, 0x0000000087800000| Untracked 
|  91|0x0000000087900000, 0x0000000087900000, 0x0000000087a00000|  0%| F|  |TAMS 0x0000000087900000, 0x0000000087900000| Untracked 
|  92|0x0000000087a00000, 0x0000000087a00000, 0x0000000087b00000|  0%| F|  |TAMS 0x0000000087a00000, 0x0000000087a00000| Untracked 
|  93|0x0000000087b00000, 0x0000000087b00000, 0x0000000087c00000|  0%| F|  |TAMS 0x0000000087b00000, 0x0000000087b00000| Untracked 
|  94|0x0000000087c00000, 0x0000000087c00000, 0x0000000087d00000|  0%| F|  |TAMS 0x0000000087c00000, 0x0000000087c00000| Untracked 
|  95|0x0000000087d00000, 0x0000000087d00000, 0x0000000087e00000|  0%| F|  |TAMS 0x0000000087d00000, 0x0000000087d00000| Untracked 
|  96|0x0000000087e00000, 0x0000000087f00000, 0x0000000087f00000|100%| S|CS|TAMS 0x0000000087e00000, 0x0000000087e00000| Complete 
|  97|0x0000000087f00000, 0x0000000088000000, 0x0000000088000000|100%| S|CS|TAMS 0x0000000087f00000, 0x0000000087f00000| Complete 
|  98|0x0000000088000000, 0x0000000088000000, 0x0000000088100000|  0%| F|  |TAMS 0x0000000088000000, 0x0000000088000000| Untracked 
| 125|0x0000000089b00000, 0x0000000089b00000, 0x0000000089c00000|  0%| F|  |TAMS 0x0000000089b00000, 0x0000000089b00000| Untracked 
| 126|0x0000000089c00000, 0x0000000089c00000, 0x0000000089d00000|  0%| F|  |TAMS 0x0000000089c00000, 0x0000000089c00000| Untracked 
| 127|0x0000000089d00000, 0x0000000089d00000, 0x0000000089e00000|  0%| F|  |TAMS 0x0000000089d00000, 0x0000000089d00000| Untracked 

Card table byte_map: [0x000001f455770000,0x000001f455b70000] _byte_map_base: 0x000001f455361000

Marking Bits (Prev, Next): (CMBitMap*) 0x000001f44a482830, (CMBitMap*) 0x000001f44a4827f0
 Prev Bits: [0x000001f457f00000, 0x000001f459e88000)
 Next Bits: [0x000001f455f70000, 0x000001f457ef8000)

Polling page: 0x000001f448350000

Metaspace:

Usage:
  Non-class:     58.48 MB used.
      Class:      9.60 MB used.
       Both:     68.08 MB used.

Virtual space:
  Non-class space:       64.00 MB reserved,      58.94 MB ( 92%) committed,  1 nodes.
      Class space:        1.00 GB reserved,      10.00 MB ( <1%) committed,  1 nodes.
             Both:        1.06 GB reserved,      68.94 MB (  6%) committed. 

Chunk freelists:
   Non-Class:  504.00 KB
       Class:  2.00 MB
        Both:  2.49 MB

MaxMetaspaceSize: unlimited
CompressedClassSpaceSize: 1.00 GB
Initial GC threshold: 21.00 MB
Current GC threshold: 114.94 MB
CDS: on
MetaspaceReclaimPolicy: balanced
 - commit_granule_bytes: 65536.
 - commit_granule_words: 8192.
 - virtual_space_node_default_size: 8388608.
 - enlarge_chunks_in_place: 1.
 - new_chunks_are_fully_committed: 0.
 - uncommit_free_chunks: 1.
 - use_allocation_guard: 0.


Internal statistics:

num_allocs_failed_limit: 14.
num_arena_births: 1120.
num_arena_deaths: 0.
num_vsnodes_births: 2.
num_vsnodes_deaths: 0.
num_space_committed: 1103.
num_space_uncommitted: 0.
num_chunks_returned_to_freelist: 14.
num_chunks_taken_from_freelist: 3509.
num_chunk_merges: 14.
num_chunk_splits: 2651.
num_chunks_enlarged: 2162.
num_inconsistent_stats: 0.

CodeCache: size=49152Kb used=13676Kb max_used=13676Kb free=35476Kb
 bounds [0x000001f452370000, 0x000001f4530d0000, 0x000001f455370000]
 total_blobs=7714 nmethods=7043 adapters=593
 compilation: enabled
              stopped_count=0, restarted_count=0
 full_count=0

Compilation events (20 events):
Event: 19.966 Thread 0x000001f4604f7750 nmethod 7034 0x000001f4530c6e10 code [0x000001f4530c6fc0, 0x000001f4530c7118]
Event: 19.966 Thread 0x000001f4604fdcf0 nmethod 7033 0x000001f4530c7290 code [0x000001f4530c7440, 0x000001f4530c76f8]
Event: 19.979 Thread 0x000001f45c15fff0 7035       1       java.nio.file.Path::of (9 bytes)
Event: 19.980 Thread 0x000001f45c15fff0 nmethod 7035 0x000001f4530c7910 code [0x000001f4530c7ac0, 0x000001f4530c7be8]
Event: 19.983 Thread 0x000001f45c15fff0 7036       1       java.nio.file.Paths::get (6 bytes)
Event: 19.984 Thread 0x000001f45c15fff0 nmethod 7036 0x000001f4530c7d10 code [0x000001f4530c7ec0, 0x000001f4530c7fe8]
Event: 20.009 Thread 0x000001f4604fdcf0 7037       1       sun.nio.fs.WindowsPath::toUri (5 bytes)
Event: 20.010 Thread 0x000001f4604fdcf0 nmethod 7037 0x000001f4530c8110 code [0x000001f4530c82a0, 0x000001f4530c8388]
Event: 20.010 Thread 0x000001f4604f7750 7038   !   1       sun.nio.fs.WindowsUriSupport::toUri (48 bytes)
Event: 20.010 Thread 0x000001f4604f7750 nmethod 7038 0x000001f4530c8410 code [0x000001f4530c85e0, 0x000001f4530c8818]
Event: 20.010 Thread 0x000001f4604f7750 7039       1       sun.nio.fs.WindowsPath::isUnc (16 bytes)
Event: 20.010 Thread 0x000001f4604f7750 nmethod 7039 0x000001f4530c8a10 code [0x000001f4530c8ba0, 0x000001f4530c8c78]
Event: 20.011 Thread 0x000001f45c15fff0 7040   !   1       sun.nio.fs.WindowsUriSupport::toUri (245 bytes)
Event: 20.012 Thread 0x000001f45c15fff0 nmethod 7040 0x000001f4530c8d10 code [0x000001f4530c9080, 0x000001f4530c9d88]
Event: 20.012 Thread 0x000001f45c15fff0 7041       1       sun.nio.fs.WindowsPath::toRealPath (22 bytes)
Event: 20.013 Thread 0x000001f45c15fff0 nmethod 7041 0x000001f4530ca610 code [0x000001f4530ca7c0, 0x000001f4530ca8e8]
Event: 20.013 Thread 0x000001f45c15fff0 7042       1       sun.nio.fs.WindowsPath::createFromNormalizedPath (7 bytes)
Event: 20.013 Thread 0x000001f45c15fff0 nmethod 7042 0x000001f4530caa10 code [0x000001f4530caba0, 0x000001f4530cac68]
Event: 20.016 Thread 0x000001f4604fdcf0 7043       1       nonapi.io.github.classgraph.utils.FastPathResolver::resolve (6 bytes)
Event: 20.016 Thread 0x000001f4604fdcf0 nmethod 7043 0x000001f4530cad10 code [0x000001f4530caea0, 0x000001f4530caf68]

GC Heap History (20 events):
Event: 16.765 GC heap after
{Heap after GC invocations=20 (full 0):
 garbage-first heap   total 65536K, used 30671K [0x0000000081e00000, 0x0000000100000000)
  region size 1024K, 2 young (2048K), 2 survivors (2048K)
 Metaspace       used 61699K, committed 62336K, reserved 1114112K
  class space    used 8813K, committed 9088K, reserved 1048576K
}
Event: 16.803 GC heap before
{Heap before GC invocations=20 (full 0):
 garbage-first heap   total 65536K, used 31695K [0x0000000081e00000, 0x0000000100000000)
  region size 1024K, 3 young (3072K), 2 survivors (2048K)
 Metaspace       used 61766K, committed 62464K, reserved 1114112K
  class space    used 8827K, committed 9152K, reserved 1048576K
}
Event: 16.809 GC heap after
{Heap after GC invocations=21 (full 0):
 garbage-first heap   total 65536K, used 30747K [0x0000000081e00000, 0x0000000100000000)
  region size 1024K, 1 young (1024K), 1 survivors (1024K)
 Metaspace       used 61766K, committed 62464K, reserved 1114112K
  class space    used 8827K, committed 9152K, reserved 1048576K
}
Event: 17.142 GC heap before
{Heap before GC invocations=21 (full 0):
 garbage-first heap   total 65536K, used 51227K [0x0000000081e00000, 0x0000000100000000)
  region size 1024K, 22 young (22528K), 1 survivors (1024K)
 Metaspace       used 62445K, committed 63168K, reserved 1114112K
  class space    used 8915K, committed 9280K, reserved 1048576K
}
Event: 17.145 GC heap after
{Heap after GC invocations=22 (full 0):
 garbage-first heap   total 65536K, used 31531K [0x0000000081e00000, 0x0000000100000000)
  region size 1024K, 2 young (2048K), 2 survivors (2048K)
 Metaspace       used 62445K, committed 63168K, reserved 1114112K
  class space    used 8915K, committed 9280K, reserved 1048576K
}
Event: 17.762 GC heap before
{Heap before GC invocations=23 (full 0):
 garbage-first heap   total 65536K, used 53035K [0x0000000081e00000, 0x0000000100000000)
  region size 1024K, 23 young (23552K), 2 survivors (2048K)
 Metaspace       used 66037K, committed 66688K, reserved 1114112K
  class space    used 9343K, committed 9664K, reserved 1048576K
}
Event: 17.766 GC heap after
{Heap after GC invocations=24 (full 0):
 garbage-first heap   total 65536K, used 32478K [0x0000000081e00000, 0x0000000100000000)
  region size 1024K, 3 young (3072K), 3 survivors (3072K)
 Metaspace       used 66037K, committed 66688K, reserved 1114112K
  class space    used 9343K, committed 9664K, reserved 1048576K
}
Event: 18.294 GC heap before
{Heap before GC invocations=24 (full 0):
 garbage-first heap   total 65536K, used 52958K [0x0000000081e00000, 0x0000000100000000)
  region size 1024K, 23 young (23552K), 3 survivors (3072K)
 Metaspace       used 67199K, committed 67968K, reserved 1114112K
  class space    used 9498K, committed 9856K, reserved 1048576K
}
Event: 18.299 GC heap after
{Heap after GC invocations=25 (full 0):
 garbage-first heap   total 65536K, used 33385K [0x0000000081e00000, 0x0000000100000000)
  region size 1024K, 2 young (2048K), 2 survivors (2048K)
 Metaspace       used 67199K, committed 67968K, reserved 1114112K
  class space    used 9498K, committed 9856K, reserved 1048576K
}
Event: 19.184 GC heap before
{Heap before GC invocations=25 (full 0):
 garbage-first heap   total 65536K, used 53865K [0x0000000081e00000, 0x0000000100000000)
  region size 1024K, 22 young (22528K), 2 survivors (2048K)
 Metaspace       used 69605K, committed 70400K, reserved 1114112K
  class space    used 9813K, committed 10176K, reserved 1048576K
}
Event: 19.192 GC heap after
{Heap after GC invocations=26 (full 0):
 garbage-first heap   total 65536K, used 34999K [0x0000000081e00000, 0x0000000100000000)
  region size 1024K, 3 young (3072K), 3 survivors (3072K)
 Metaspace       used 69605K, committed 70400K, reserved 1114112K
  class space    used 9813K, committed 10176K, reserved 1048576K
}
Event: 19.360 GC heap before
{Heap before GC invocations=26 (full 0):
 garbage-first heap   total 65536K, used 52407K [0x0000000081e00000, 0x0000000100000000)
  region size 1024K, 21 young (21504K), 3 survivors (3072K)
 Metaspace       used 69610K, committed 70400K, reserved 1114112K
  class space    used 9814K, committed 10176K, reserved 1048576K
}
Event: 19.368 GC heap after
{Heap after GC invocations=27 (full 0):
 garbage-first heap   total 78848K, used 38601K [0x0000000081e00000, 0x0000000100000000)
  region size 1024K, 3 young (3072K), 3 survivors (3072K)
 Metaspace       used 69610K, committed 70400K, reserved 1114112K
  class space    used 9814K, committed 10176K, reserved 1048576K
}
Event: 19.626 GC heap before
{Heap before GC invocations=27 (full 0):
 garbage-first heap   total 78848K, used 62153K [0x0000000081e00000, 0x0000000100000000)
  region size 1024K, 26 young (26624K), 3 survivors (3072K)
 Metaspace       used 69623K, committed 70400K, reserved 1114112K
  class space    used 9816K, committed 10176K, reserved 1048576K
}
Event: 19.634 GC heap after
{Heap after GC invocations=28 (full 0):
 garbage-first heap   total 78848K, used 44405K [0x0000000081e00000, 0x0000000100000000)
  region size 1024K, 4 young (4096K), 4 survivors (4096K)
 Metaspace       used 69623K, committed 70400K, reserved 1114112K
  class space    used 9816K, committed 10176K, reserved 1048576K
}
Event: 19.827 GC heap before
{Heap before GC invocations=28 (full 0):
 garbage-first heap   total 78848K, used 60789K [0x0000000081e00000, 0x0000000100000000)
  region size 1024K, 21 young (21504K), 4 survivors (4096K)
 Metaspace       used 69718K, committed 70592K, reserved 1114112K
  class space    used 9830K, committed 10240K, reserved 1048576K
}
Event: 19.841 GC heap after
{Heap after GC invocations=29 (full 0):
 garbage-first heap   total 78848K, used 50176K [0x0000000081e00000, 0x0000000100000000)
  region size 1024K, 3 young (3072K), 3 survivors (3072K)
 Metaspace       used 69718K, committed 70592K, reserved 1114112K
  class space    used 9830K, committed 10240K, reserved 1048576K
}
Event: 19.928 GC heap before
{Heap before GC invocations=29 (full 0):
 garbage-first heap   total 78848K, used 61440K [0x0000000081e00000, 0x0000000100000000)
  region size 1024K, 15 young (15360K), 3 survivors (3072K)
 Metaspace       used 69718K, committed 70592K, reserved 1114112K
  class space    used 9830K, committed 10240K, reserved 1048576K
}
Event: 19.933 GC heap after
{Heap after GC invocations=30 (full 0):
 garbage-first heap   total 78848K, used 53248K [0x0000000081e00000, 0x0000000100000000)
  region size 1024K, 2 young (2048K), 2 survivors (2048K)
 Metaspace       used 69718K, committed 70592K, reserved 1114112K
  class space    used 9830K, committed 10240K, reserved 1048576K
}
Event: 20.017 GC heap before
{Heap before GC invocations=30 (full 0):
 garbage-first heap   total 104448K, used 62464K [0x0000000081e00000, 0x0000000100000000)
  region size 1024K, 12 young (12288K), 2 survivors (2048K)
 Metaspace       used 69718K, committed 70592K, reserved 1114112K
  class space    used 9830K, committed 10240K, reserved 1048576K
}

Dll operation events (14 events):
Event: 0.056 Loaded shared library C:\Program Files\Java\jdk-19\bin\java.dll
Event: 0.094 Loaded shared library C:\Program Files\Java\jdk-19\bin\jsvml.dll
Event: 0.518 Loaded shared library C:\Program Files\Java\jdk-19\bin\zip.dll
Event: 0.529 Loaded shared library C:\Program Files\Java\jdk-19\bin\instrument.dll
Event: 0.543 Loaded shared library C:\Program Files\Java\jdk-19\bin\net.dll
Event: 0.571 Loaded shared library C:\Program Files\Java\jdk-19\bin\nio.dll
Event: 0.578 Loaded shared library C:\Program Files\Java\jdk-19\bin\zip.dll
Event: 0.836 Loaded shared library C:\Program Files\JetBrains\IntelliJ IDEA 2023.1.1\bin\breakgen64.dll
Event: 0.847 Loaded shared library C:\Program Files\Java\jdk-19\bin\jimage.dll
Event: 0.857 Loaded shared library C:\Program Files\Java\jdk-19\bin\extnet.dll
Event: 0.893 Loaded shared library C:\Program Files\Java\jdk-19\bin\management.dll
Event: 0.927 Loaded shared library C:\Program Files\Java\jdk-19\bin\management_ext.dll
Event: 3.895 Loaded shared library C:\Program Files\Java\jdk-19\bin\verify.dll
Event: 8.802 Loaded shared library C:\Program Files\Java\jdk-19\bin\sunmscapi.dll

Deoptimization events (16 events):
Event: 1.240 Thread 0x000001f44a423180 DEOPT PACKING pc=0x000001f4526cdbd5 sp=0x0000003731bfcf40
Event: 1.240 Thread 0x000001f44a423180 DEOPT UNPACKING pc=0x000001f4523d7543 sp=0x0000003731bfc3f0 mode 3
Event: 1.274 Thread 0x000001f44a423180 DEOPT PACKING pc=0x000001f4526e1850 sp=0x0000003731bfcf10
Event: 1.274 Thread 0x000001f44a423180 DEOPT UNPACKING pc=0x000001f4523d7543 sp=0x0000003731bfc3c8 mode 3
Event: 4.046 Thread 0x000001f4613f8a60 DEOPT PACKING pc=0x000001f45292b0b9 sp=0x00000037336fd0f0
Event: 4.046 Thread 0x000001f4613f8a60 DEOPT UNPACKING pc=0x000001f4523d7543 sp=0x00000037336fc5d0 mode 3
Event: 8.739 Thread 0x000001f4613f8a60 DEOPT PACKING pc=0x000001f452c69b1d sp=0x00000037336fd0f0
Event: 8.739 Thread 0x000001f4613f8a60 DEOPT UNPACKING pc=0x000001f4523d7543 sp=0x00000037336fc658 mode 3
Event: 15.587 Thread 0x000001f4613f8a60 DEOPT PACKING pc=0x000001f45293a024 sp=0x00000037336f9e20
Event: 15.587 Thread 0x000001f4613f8a60 DEOPT UNPACKING pc=0x000001f4523d7543 sp=0x00000037336f9378 mode 0
Event: 18.437 Thread 0x000001f4613f8a60 DEOPT PACKING pc=0x000001f45295f3ba sp=0x00000037336fd1f0
Event: 18.437 Thread 0x000001f4613f8a60 DEOPT UNPACKING pc=0x000001f4523d7543 sp=0x00000037336fc6f8 mode 3
Event: 18.437 Thread 0x000001f4613f8a60 DEOPT PACKING pc=0x000001f452951fdc sp=0x00000037336fd1b0
Event: 18.437 Thread 0x000001f4613f8a60 DEOPT UNPACKING pc=0x000001f4523d7543 sp=0x00000037336fc6f8 mode 3
Event: 19.018 Thread 0x000001f4613f8a60 DEOPT PACKING pc=0x000001f45301defb sp=0x00000037336faac0
Event: 19.018 Thread 0x000001f4613f8a60 DEOPT UNPACKING pc=0x000001f4523d7543 sp=0x00000037336fa008 mode 3

Classes loaded (20 events):
Event: 18.470 Loading class java/util/Comparators$NullComparator
Event: 18.470 Loading class java/util/Comparators$NullComparator done
Event: 18.910 Loading class java/lang/LayerInstantiationException
Event: 18.910 Loading class java/lang/LayerInstantiationException done
Event: 18.910 Loading class jdk/internal/loader/Loader
Event: 18.911 Loading class jdk/internal/loader/Loader done
Event: 18.931 Loading class java/io/IOError
Event: 18.931 Loading class java/io/IOError done
Event: 18.962 Loading class java/util/AbstractMap$SimpleEntry
Event: 18.962 Loading class java/util/AbstractMap$SimpleEntry done
Event: 19.140 Loading class sun/nio/fs/WindowsLinkSupport
Event: 19.140 Loading class sun/nio/fs/WindowsLinkSupport done
Event: 19.168 Loading class java/nio/channels/spi/AbstractInterruptibleChannel$1
Event: 19.172 Loading class sun/nio/ch/Interruptible
Event: 19.175 Loading class sun/nio/ch/Interruptible done
Event: 19.175 Loading class java/nio/channels/spi/AbstractInterruptibleChannel$1 done
Event: 19.180 Loading class java/util/zip/DataFormatException
Event: 19.183 Loading class java/util/zip/DataFormatException done
Event: 19.711 Loading class java/util/concurrent/atomic/Striped64$Cell
Event: 19.717 Loading class java/util/concurrent/atomic/Striped64$Cell done

Classes unloaded (0 events):
No events

Classes redefined (0 events):
No events

Internal exceptions (20 events):
Event: 19.776 Thread 0x000001f462938010 Exception <a 'sun/nio/fs/WindowsException'{0x00000000861e3f30}> (0x00000000861e3f30) 
thrown [s\open\src\hotspot\share\prims\jni.cpp, line 517]
Event: 19.776 Thread 0x000001f462938010 Exception <a 'sun/nio/fs/WindowsException'{0x00000000861e4170}> (0x00000000861e4170) 
thrown [s\open\src\hotspot\share\prims\jni.cpp, line 517]
Event: 19.776 Thread 0x000001f462938010 Exception <a 'sun/nio/fs/WindowsException'{0x00000000861e4a38}> (0x00000000861e4a38) 
thrown [s\open\src\hotspot\share\prims\jni.cpp, line 517]
Event: 19.776 Thread 0x000001f462938010 Exception <a 'sun/nio/fs/WindowsException'{0x00000000861e4ca8}> (0x00000000861e4ca8) 
thrown [s\open\src\hotspot\share\prims\jni.cpp, line 517]
Event: 19.776 Thread 0x000001f462938010 Exception <a 'sun/nio/fs/WindowsException'{0x00000000861e5548}> (0x00000000861e5548) 
thrown [s\open\src\hotspot\share\prims\jni.cpp, line 517]
Event: 19.776 Thread 0x000001f462938010 Exception <a 'sun/nio/fs/WindowsException'{0x00000000861e5788}> (0x00000000861e5788) 
thrown [s\open\src\hotspot\share\prims\jni.cpp, line 517]
Event: 19.776 Thread 0x000001f462938010 Exception <a 'sun/nio/fs/WindowsException'{0x00000000861e6000}> (0x00000000861e6000) 
thrown [s\open\src\hotspot\share\prims\jni.cpp, line 517]
Event: 19.777 Thread 0x000001f462938010 Exception <a 'sun/nio/fs/WindowsException'{0x00000000861e6210}> (0x00000000861e6210) 
thrown [s\open\src\hotspot\share\prims\jni.cpp, line 517]
Event: 19.777 Thread 0x000001f462938010 Exception <a 'sun/nio/fs/WindowsException'{0x00000000861e6a98}> (0x00000000861e6a98) 
thrown [s\open\src\hotspot\share\prims\jni.cpp, line 517]
Event: 19.777 Thread 0x000001f462938010 Exception <a 'sun/nio/fs/WindowsException'{0x00000000861e6cc8}> (0x00000000861e6cc8) 
thrown [s\open\src\hotspot\share\prims\jni.cpp, line 517]
Event: 19.777 Thread 0x000001f462938010 Exception <a 'sun/nio/fs/WindowsException'{0x00000000861e7540}> (0x00000000861e7540) 
thrown [s\open\src\hotspot\share\prims\jni.cpp, line 517]
Event: 19.778 Thread 0x000001f462938010 Exception <a 'sun/nio/fs/WindowsException'{0x00000000861e7750}> (0x00000000861e7750) 
thrown [s\open\src\hotspot\share\prims\jni.cpp, line 517]
Event: 19.778 Thread 0x000001f462938010 Exception <a 'sun/nio/fs/WindowsException'{0x00000000861e7fd8}> (0x00000000861e7fd8) 
thrown [s\open\src\hotspot\share\prims\jni.cpp, line 517]
Event: 19.778 Thread 0x000001f462938010 Exception <a 'sun/nio/fs/WindowsException'{0x00000000861e8208}> (0x00000000861e8208) 
thrown [s\open\src\hotspot\share\prims\jni.cpp, line 517]
Event: 19.778 Thread 0x000001f462938010 Exception <a 'sun/nio/fs/WindowsException'{0x00000000861e8aa8}> (0x00000000861e8aa8) 
thrown [s\open\src\hotspot\share\prims\jni.cpp, line 517]
Event: 19.778 Thread 0x000001f462938010 Exception <a 'sun/nio/fs/WindowsException'{0x00000000861e8ce8}> (0x00000000861e8ce8) 
thrown [s\open\src\hotspot\share\prims\jni.cpp, line 517]
Event: 19.778 Thread 0x000001f462938010 Exception <a 'sun/nio/fs/WindowsException'{0x00000000861e95a0}> (0x00000000861e95a0) 
thrown [s\open\src\hotspot\share\prims\jni.cpp, line 517]
Event: 19.778 Thread 0x000001f462938010 Exception <a 'sun/nio/fs/WindowsException'{0x00000000861e9800}> (0x00000000861e9800) 
thrown [s\open\src\hotspot\share\prims\jni.cpp, line 517]
Event: 19.779 Thread 0x000001f462938010 Exception <a 'sun/nio/fs/WindowsException'{0x00000000861f2c28}> (0x00000000861f2c28) 
thrown [s\open\src\hotspot\share\prims\jni.cpp, line 517]
Event: 19.779 Thread 0x000001f462938010 Exception <a 'sun/nio/fs/WindowsException'{0x00000000861f2e88}> (0x00000000861f2e88) 
thrown [s\open\src\hotspot\share\prims\jni.cpp, line 517]

VM Operations (20 events):
Event: 18.299 Executing VM operation: G1CollectForAllocation done
Event: 18.660 Executing VM operation: HandshakeAllThreads
Event: 18.660 Executing VM operation: HandshakeAllThreads done
Event: 18.662 Executing VM operation: HandshakeAllThreads
Event: 18.662 Executing VM operation: HandshakeAllThreads done
Event: 19.181 Executing VM operation: G1CollectForAllocation
Event: 19.195 Executing VM operation: G1CollectForAllocation done
Event: 19.343 Executing VM operation: G1CollectForAllocation
Event: 19.383 Executing VM operation: G1CollectForAllocation done
Event: 19.621 Executing VM operation: G1CollectForAllocation
Event: 19.639 Executing VM operation: G1CollectForAllocation done
Event: 19.693 Executing VM operation: HandshakeAllThreads
Event: 19.693 Executing VM operation: HandshakeAllThreads done
Event: 19.823 Executing VM operation: G1CollectForAllocation
Event: 19.847 Executing VM operation: G1CollectForAllocation done
Event: 19.928 Executing VM operation: G1CollectForAllocation
Event: 19.937 Executing VM operation: G1CollectForAllocation done
Event: 19.992 Executing VM operation: G1PauseRemark
Event: 19.997 Executing VM operation: G1PauseRemark done
Event: 20.017 Executing VM operation: G1CollectForAllocation

Events (20 events):
Event: 19.700 Thread 0x000001f462936030 Thread added: 0x000001f462936030
Event: 19.700 Thread 0x000001f462937570 Thread added: 0x000001f462937570
Event: 19.710 Thread 0x000001f462936ad0 Thread exited: 0x000001f462936ad0
Event: 19.710 Thread 0x000001f462935ae0 Thread exited: 0x000001f462935ae0
Event: 19.710 Thread 0x000001f462935590 Thread exited: 0x000001f462935590
Event: 19.710 Thread 0x000001f462937020 Thread exited: 0x000001f462937020
Event: 19.710 Thread 0x000001f462936030 Thread exited: 0x000001f462936030
Event: 19.711 Thread 0x000001f462935040 Thread exited: 0x000001f462935040
Event: 19.711 Thread 0x000001f462934af0 Thread exited: 0x000001f462934af0
Event: 19.718 Thread 0x000001f462937570 Thread exited: 0x000001f462937570
Event: 19.772 Thread 0x000001f462932b10 Thread added: 0x000001f462932b10
Event: 19.773 Thread 0x000001f462938010 Thread added: 0x000001f462938010
Event: 19.774 Thread 0x000001f4629325c0 Thread added: 0x000001f4629325c0
Event: 19.774 Thread 0x000001f462933060 Thread added: 0x000001f462933060
Event: 19.774 Thread 0x000001f462931080 Thread added: 0x000001f462931080
Event: 19.774 Thread 0x000001f4629335b0 Thread added: 0x000001f4629335b0
Event: 19.775 Thread 0x000001f462933b00 Thread added: 0x000001f462933b00
Event: 19.775 Thread 0x000001f462934050 Thread added: 0x000001f462934050
Event: 19.806 Thread 0x000001f462938560 Thread added: 0x000001f462938560
Event: 19.861 Thread 0x000001f462938560 Thread exited: 0x000001f462938560


Dynamic libraries:
0x00007ff623870000 - 0x00007ff623880000 	C:\Program Files\Java\jdk-19\bin\java.exe
0x00007ff965e70000 - 0x00007ff966084000 	C:\WINDOWS\SYSTEM32\ntdll.dll
0x00007ff965550000 - 0x00007ff965612000 	C:\WINDOWS\System32\KERNEL32.DLL
0x00007ff963780000 - 0x00007ff963b23000 	C:\WINDOWS\System32\KERNELBASE.dll
0x00007ff9635a0000 - 0x00007ff9636b1000 	C:\WINDOWS\System32\ucrtbase.dll
0x00007ff960330000 - 0x00007ff960348000 	C:\Program Files\Java\jdk-19\bin\jli.dll
0x00007ff9658a0000 - 0x00007ff96594e000 	C:\WINDOWS\System32\ADVAPI32.dll
0x00007ff9540f0000 - 0x00007ff95410b000 	C:\Program Files\Java\jdk-19\bin\VCRUNTIME140.dll
0x00007ff965b60000 - 0x00007ff965c07000 	C:\WINDOWS\System32\msvcrt.dll
0x00007ff964f30000 - 0x00007ff964fd4000 	C:\WINDOWS\System32\sechost.dll
0x00007ff965d10000 - 0x00007ff965e27000 	C:\WINDOWS\System32\RPCRT4.dll
0x00007ff964d00000 - 0x00007ff964eab000 	C:\WINDOWS\System32\USER32.dll
0x00007ff963380000 - 0x00007ff9633a6000 	C:\WINDOWS\System32\win32u.dll
0x00007ff965810000 - 0x00007ff965839000 	C:\WINDOWS\System32\GDI32.dll
0x00007ff963b30000 - 0x00007ff963c49000 	C:\WINDOWS\System32\gdi32full.dll
0x00007ff9632e0000 - 0x00007ff96337a000 	C:\WINDOWS\System32\msvcp_win.dll
0x00007ff946e10000 - 0x00007ff94709e000 	C:\WINDOWS\WinSxS\amd64_microsoft.windows.common-controls_6595b64144ccf1df_6.0.22621.1465_none_271271ab738361f1\COMCTL32.dll
0x00007ff954120000 - 0x00007ff95412a000 	C:\WINDOWS\SYSTEM32\VERSION.dll
0x00007ff965840000 - 0x00007ff965871000 	C:\WINDOWS\System32\IMM32.DLL
0x00007ff960320000 - 0x00007ff96032c000 	C:\Program Files\Java\jdk-19\bin\vcruntime140_1.dll
0x00007ff8ecfd0000 - 0x00007ff8ed05e000 	C:\Program Files\Java\jdk-19\bin\msvcp140.dll
0x00007ff8ec310000 - 0x00007ff8ecfd0000 	C:\Program Files\Java\jdk-19\bin\server\jvm.dll
0x00007ff9419d0000 - 0x00007ff9419d9000 	C:\WINDOWS\SYSTEM32\WSOCK32.dll
0x00007ff9650a0000 - 0x00007ff965111000 	C:\WINDOWS\System32\WS2_32.dll
0x00007ff95b130000 - 0x00007ff95b164000 	C:\WINDOWS\SYSTEM32\WINMM.dll
0x00007ff9623b0000 - 0x00007ff9623c8000 	C:\WINDOWS\SYSTEM32\kernel.appcore.dll
0x00007ff9540e0000 - 0x00007ff9540ea000 	C:\Program Files\Java\jdk-19\bin\jimage.dll
0x00007ff959890000 - 0x00007ff959abe000 	C:\WINDOWS\SYSTEM32\DBGHELP.DLL
0x00007ff9651c0000 - 0x00007ff965549000 	C:\WINDOWS\System32\combase.dll
0x00007ff964bc0000 - 0x00007ff964c97000 	C:\WINDOWS\System32\OLEAUT32.dll
0x00007ff958830000 - 0x00007ff958862000 	C:\WINDOWS\SYSTEM32\dbgcore.DLL
0x00007ff9633b0000 - 0x00007ff96342b000 	C:\WINDOWS\System32\bcryptPrimitives.dll
0x00007ff960300000 - 0x00007ff96030e000 	C:\Program Files\Java\jdk-19\bin\instrument.dll
0x00007ff953fa0000 - 0x00007ff953fc6000 	C:\Program Files\Java\jdk-19\bin\java.dll
0x00007ff8eb0f0000 - 0x00007ff8eb1c7000 	C:\Program Files\Java\jdk-19\bin\jsvml.dll
0x00007ff9643c0000 - 0x00007ff964bba000 	C:\WINDOWS\System32\SHELL32.dll
0x00007ff961280000 - 0x00007ff961b4e000 	C:\WINDOWS\SYSTEM32\windows.storage.dll
0x00007ff961140000 - 0x00007ff96127e000 	C:\WINDOWS\SYSTEM32\wintypes.dll
0x00007ff965a40000 - 0x00007ff965b31000 	C:\WINDOWS\System32\SHCORE.dll
0x00007ff964ca0000 - 0x00007ff964cfe000 	C:\WINDOWS\System32\shlwapi.dll
0x00007ff9631a0000 - 0x00007ff9631c1000 	C:\WINDOWS\SYSTEM32\profapi.dll
0x00007ff95cd30000 - 0x00007ff95cd48000 	C:\Program Files\Java\jdk-19\bin\zip.dll
0x00007ff95d420000 - 0x00007ff95d433000 	C:\Program Files\Java\jdk-19\bin\net.dll
0x00007ff95ab50000 - 0x00007ff95ac87000 	C:\WINDOWS\SYSTEM32\WINHTTP.dll
0x00007ff962820000 - 0x00007ff962889000 	C:\WINDOWS\system32\mswsock.dll
0x00007ff95cd50000 - 0x00007ff95cd66000 	C:\Program Files\Java\jdk-19\bin\nio.dll
0x00007ff95d760000 - 0x00007ff95d77a000 	C:\Program Files\JetBrains\IntelliJ IDEA 2023.1.1\bin\breakgen64.dll
0x00007ff95d410000 - 0x00007ff95d418000 	C:\Program Files\Java\jdk-19\bin\extnet.dll
0x00007ff961e90000 - 0x00007ff961f83000 	C:\WINDOWS\SYSTEM32\DNSAPI.dll
0x00007ff961e20000 - 0x00007ff961e4d000 	C:\WINDOWS\SYSTEM32\IPHLPAPI.DLL
0x00007ff9651b0000 - 0x00007ff9651b9000 	C:\WINDOWS\System32\NSI.dll
0x00007ff94cf50000 - 0x00007ff94cf5a000 	C:\Windows\System32\rasadhlp.dll
0x00007ff958d50000 - 0x00007ff958dd4000 	C:\WINDOWS\System32\fwpuclnt.dll
0x00007ff95d040000 - 0x00007ff95d04a000 	C:\Program Files\Java\jdk-19\bin\management.dll
0x00007ff95d030000 - 0x00007ff95d03b000 	C:\Program Files\Java\jdk-19\bin\management_ext.dll
0x00007ff964f10000 - 0x00007ff964f18000 	C:\WINDOWS\System32\PSAPI.DLL
0x00007ff962a80000 - 0x00007ff962a9b000 	C:\WINDOWS\SYSTEM32\CRYPTSP.dll
0x00007ff962320000 - 0x00007ff962355000 	C:\WINDOWS\system32\rsaenh.dll
0x00007ff962920000 - 0x00007ff962948000 	C:\WINDOWS\SYSTEM32\USERENV.dll
0x00007ff962c40000 - 0x00007ff962c68000 	C:\WINDOWS\SYSTEM32\bcrypt.dll
0x00007ff962aa0000 - 0x00007ff962aac000 	C:\WINDOWS\SYSTEM32\CRYPTBASE.dll
0x00007ff95a9f0000 - 0x00007ff95aa09000 	C:\WINDOWS\SYSTEM32\dhcpcsvc6.DLL
0x00007ff95a9d0000 - 0x00007ff95a9ef000 	C:\WINDOWS\SYSTEM32\dhcpcsvc.DLL
0x00007ff945d70000 - 0x00007ff945d87000 	C:\WINDOWS\system32\napinsp.dll
0x00007ff945cb0000 - 0x00007ff945ccb000 	C:\WINDOWS\system32\pnrpnsp.dll
0x00007ff945c90000 - 0x00007ff945ca1000 	C:\WINDOWS\System32\winrnr.dll
0x00007ff95a590000 - 0x00007ff95a5a5000 	C:\WINDOWS\system32\wshbth.dll
0x00007ff945c60000 - 0x00007ff945c81000 	C:\WINDOWS\system32\nlansp_c.dll
0x00007ff9540d0000 - 0x00007ff9540e0000 	C:\Program Files\Java\jdk-19\bin\verify.dll
0x00007ff953890000 - 0x00007ff95389e000 	C:\Program Files\Java\jdk-19\bin\sunmscapi.dll
0x00007ff963430000 - 0x00007ff963597000 	C:\WINDOWS\System32\CRYPT32.dll
0x00007ff962c10000 - 0x00007ff962c3e000 	C:\WINDOWS\SYSTEM32\ncrypt.dll
0x00007ff962bd0000 - 0x00007ff962c07000 	C:\WINDOWS\SYSTEM32\NTASN1.dll

dbghelp: loaded successfully - version: 4.0.5 - missing functions: none
symbol engine: initialized successfully - sym options: 0x614 - pdb path: .;C:\Program Files\Java\jdk-19\bin;C:\WINDOWS\SYSTEM32;C:\WINDOWS\WinSxS\amd64_microsoft.windows.common-controls_6595b64144ccf1df_6.0.22621.1465_none_271271ab738361f1;C:\Program Files\Java\jdk-19\bin\server;C:\Program Files\JetBrains\IntelliJ IDEA 2023.1.1\bin

VM Arguments:
jvm_args: -XX:TieredStopAtLevel=1 -Dspring.profiles.active=dev -Dspring.output.ansi.enabled=always -Dcom.sun.management.jmxremote -Dspring.jmx.enabled=true -Dspring.liveBeansView.mbeanDomain -Dspring.application.admin.enabled=true -Dmanagement.endpoints.jmx.exposure.include=* -javaagent:C:\Program Files\JetBrains\IntelliJ IDEA 2023.1.1\lib\idea_rt.jar=57355:C:\Program Files\JetBrains\IntelliJ IDEA 2023.1.1\bin -Dfile.encoding=UTF-8 -Dsun.stdout.encoding=UTF-8 -Dsun.stderr.encoding=UTF-8 
java_command: com.loan.hero.HeroApplication
java_class_path (initial): C:\Users\Dean\hero\target\classes;C:\Users\Dean\.m2\repository\org\springframework\boot\spring-boot-starter-web\3.0.7\spring-boot-starter-web-3.0.7.jar;C:\Users\Dean\.m2\repository\org\springframework\boot\spring-boot-starter\3.0.7\spring-boot-starter-3.0.7.jar;C:\Users\Dean\.m2\repository\org\springframework\boot\spring-boot-starter-logging\3.0.7\spring-boot-starter-logging-3.0.7.jar;C:\Users\Dean\.m2\repository\ch\qos\logback\logback-classic\1.4.7\logback-classic-1.4.7.jar;C:\Users\Dean\.m2\repository\ch\qos\logback\logback-core\1.4.7\logback-core-1.4.7.jar;C:\Users\Dean\.m2\repository\org\apache\logging\log4j\log4j-to-slf4j\2.19.0\log4j-to-slf4j-2.19.0.jar;C:\Users\Dean\.m2\repository\org\apache\logging\log4j\log4j-api\2.19.0\log4j-api-2.19.0.jar;C:\Users\Dean\.m2\repository\org\slf4j\jul-to-slf4j\2.0.7\jul-to-slf4j-2.0.7.jar;C:\Users\Dean\.m2\repository\jakarta\annotation\jakarta.annotation-api\2.1.1\jakarta.annotation-api-2.1.1.jar;C:\Users\Dean\.m2\repository\org\yaml\snakeyaml\1.33\snakeyaml-1.33.jar;C:\Users\Dean\.m2\repository\org\springframework\boot\spring-boot-starter-json\3.0.7\spring-boot-starter-json-3.0.7.jar;C:\Users\Dean\.m2\repository\com\fasterxml\jackson\module\jackson-module-parameter-names\2.14.3\jackson-module-parameter-names-2.14.3.jar;C:\Users\Dean\.m2\repository\org\springframework\boot\spring-boot-starter-tomcat\3.0.7\spring-boot-starter-tomcat-3.0.7.jar;C:\Users\Dean\.m2\repository\org\apache\tomcat\embed\tomcat-embed-core\10.1.8\tomcat-embed-core-10.1.8.jar;C:\Users\Dean\.m2\repository\org\apache\tomcat\embed\tomcat-embed-websocket\10.1.8\tomcat-embed-websocket-10.1.8.jar;C:\Users\Dean\.m2\repository\org\springframework\spring-web\6.0.9\spring-web-6.0.9.jar;C:\Users\Dean\.m2\repository\org\springframework\spring-beans\6.0.9\spring-beans-6.0.9.jar;C:\Users\Dean\.m2\repository\io\micrometer\micrometer-observation\1.10.7\micrometer-observation-1.10.7.jar;C:\Users\Dean\.m2\repository\io\micrometer\micrometer-commons\1.10.7\micrometer-commons-1.10.7.jar;C:\Users\Dean\.m2\repository\org\springframework\spring-webmvc\6.0.9\spring-webmvc-6.0.9.jar;C:\Users\Dean\.m2\repository\org\springframework\spring-context\6.0.9\spring-context-6.0.9.jar;C:\Users\Dean\.m2\repository\org\springframework\spring-expression\6.0.9\spring-expression-6.0.9.jar;C:\Users\Dean\.m2\repository\org\springframework\boot\spring-boot-devtools\3.0.7\spring-boot-devtools-3.0.7.jar;C:\Users\Dean\.m2\repository\org\springframework\boot\spring-boot\3.0.7\spring-boot-3.0.7.jar;C:\Users\Dean\.m2\repository\org\springframework\boot\spring-boot-autoconfigure\3.0.7\spring-boot-autoconfigure-3.0.7.jar;C:\Users\Dean\.m2\repository\org\projectlombok\lombok\1.18.26\lombok-1.18.26.jar;C:\Users\Dean\.m2\repository\jakarta\xml\bind\jakarta.xml.bind-api\4.0.0\jakarta.xml.bind-api-4.0.0.jar;C:\Users\Dean\.m2\repository\jakarta\activation\jakarta.activation-api\2.1.2\jakarta.activation-api-2.1.2.jar;C:\Users\Dean\.m2\repository\net\bytebuddy\byte-buddy\1.12.23\byte-buddy-1.12.23.jar;C:\Users\Dean\.m2\repository\org\hamcrest\hamcrest\2.2\hamcrest-2.2.jar;C:\Users\Dean\.m2\repository\org\springframework\spring-core\6.0.9\spring-core-6.0.9.jar;C:\Users\Dean\.m2\repository\org\springframework\spring-jcl\6.0.9\spring-jcl-6.0.9.jar;C:\Users\Dean\.m2\repository\com\fasterxml\jackson\datatype\jackson-datatype-jdk8\2.14.3\jackson-datatype-jdk8-2.14.3.jar;C:\Users\Dean\.m2\repository\com\fasterxml\jackson\core\jackson-core\2.14.3\jackson-core-2.14.3.jar;C:\Users\Dean\.m2\repository\com\fasterxml\jackson\core\jackson-databind\2.14.3\jackson-databind-2.14.3.jar;C:\Users\Dean\.m2\repository\org\springframework\boot\spring-boot-starter-webflux\3.1.0\spring-boot-starter-webflux-3.1.0.jar;C:\Users\Dean\.m2\repository\org\springframework\boot\spring-boot-starter-reactor-netty\3.0.7\spring-boot-starter-reactor-netty-3.0.7.jar;C:\Users\Dean\.m2\repository\io\projectreactor\netty\reactor-netty-http\1.1.7\reactor-netty-http-1.1.7.jar;C:\Users\Dean\.m2\repository\io\netty\netty-codec-http\4.1.92.Final\netty-codec-http-4.1.92.Final.jar;C:\Users\Dean\.m2\repository\io\netty\netty-common\4.1.92.Final\netty-common-4.1.92.Final.jar;C:\Users\Dean\.m2\repository\io\netty\netty-buffer\4.1.92.Final\netty-buffer-4.1.92.Final.jar;C:\Users\Dean\.m2\repository\io\netty\netty-transport\4.1.92.Final\netty-transport-4.1.92.Final.jar;C:\Users\Dean\.m2\repository\io\netty\netty-codec\4.1.92.Final\netty-codec-4.1.92.Final.jar;C:\Users\Dean\.m2\repository\io\netty\netty-handler\4.1.92.Final\netty-handler-4.1.92.Final.jar;C:\Users\Dean\.m2\repository\io\netty\netty-codec-http2\4.1.92.Final\netty-codec-http2-4.1.92.Final.jar;C:\Users\Dean\.m2\repository\io\netty\netty-resolver-dns\4.1.92.Final\netty-resolver-dns-4.1.92.Final.jar;C:\Users\Dean\.m2\repository\io\netty\netty-resolver\4.1.92.Final\netty-resolver-4.1.92.Final.jar;C:\Users\Dean\.m2\repository\io\netty\netty-codec-dns\4.1.92.Final\netty-codec-dns-4.1.92.Final.jar;C:\Users\Dean\.m2\repository\io\netty\netty-resolver-dns-native-macos\4.1.92.Final\netty-resolver-dns-native-macos-4.1.92.Final-osx-x86_64.jar;C:\Users\Dean\.m2\repository\io\netty\netty-resolver-dns-classes-macos\4.1.92.Final\netty-resolver-dns-classes-macos-4.1.92.Final.jar;C:\Users\Dean\.m2\repository\io\netty\netty-transport-native-epoll\4.1.92.Final\netty-transport-native-epoll-4.1.92.Final-linux-x86_64.jar;C:\Users\Dean\.m2\repository\io\netty\netty-transport-native-unix-common\4.1.92.Final\netty-transport-native-unix-common-4.1.92.Final.jar;C:\Users\Dean\.m2\repository\io\netty\netty-transport-classes-epoll\4.1.92.Final\netty-transport-classes-epoll-4.1.92.Final.jar;C:\Users\Dean\.m2\repository\io\projectreactor\netty\reactor-netty-core\1.1.7\reactor-netty-core-1.1.7.jar;C:\Users\Dean\.m2\repository\io\netty\netty-handler-proxy\4.1.92.Final\netty-handler-proxy-4.1.92.Final.jar;C:\Users\Dean\.m2\repository\io\netty\netty-codec-socks\4.1.92.Final\netty-codec-socks-4.1.92.Final.jar;C:\Users\Dean\.m2\repository\org\springframework\spring-webflux\6.0.9\spring-webflux-6.0.9.jar;C:\Users\Dean\.m2\repository\org\thymeleaf\extras\thymeleaf-extras-springsecurity6\3.1.1.RELEASE\thymeleaf-extras-springsecurity6-3.1.1.RELEASE.jar;C:\Users\Dean\.m2\repository\org\thymeleaf\thymeleaf-spring6\3.1.1.RELEASE\thymeleaf-spring6-3.1.1.RELEASE.jar;C:\Users\Dean\.m2\repository\org\thymeleaf\thymeleaf\3.1.1.RELEASE\thymeleaf-3.1.1.RELEASE.jar;C:\Users\Dean\.m2\repository\org\attoparser\attoparser\2.0.6.RELEASE\attoparser-2.0.6.RELEASE.jar;C:\Users\Dean\.m2\repository\org\unbescape\unbescape\1.1.6.RELEASE\unbescape-1.1.6.RELEASE.jar;C:\Users\Dean\.m2\repository\org\slf4j\slf4j-api\2.0.7\slf4j-api-2.0.7.jar;C:\Users\Dean\.m2\repository\org\springdoc\springdoc-openapi-starter-webmvc-ui\2.0.2\springdoc-openapi-starter-webmvc-ui-2.0.2.jar;C:\Users\Dean\.m2\repository\org\springdoc\springdoc-openapi-starter-webmvc-api\2.0.2\springdoc-openapi-starter-webmvc-api-2.0.2.jar;C:\Users\Dean\.m2\repository\org\springdoc\springdoc-openapi-starter-common\2.0.2\springdoc-openapi-starter-common-2.0.2.jar;C:\Users\Dean\.m2\repository\io\swagger\core\v3\swagger-core-jakarta\2.2.7\swagger-core-jakarta-2.2.7.jar;C:\Users\Dean\.m2\repository\io\swagger\core\v3\swagger-annotations-jakarta\2.2.7\swagger-annotations-jakarta-2.2.7.jar;C:\Users\Dean\.m2\repository\io\swagger\core\v3\swagger-models-jakarta\2.2.7\swagger-models-jakarta-2.2.7.jar;C:\Users\Dean\.m2\repository\com\fasterxml\jackson\dataformat\jackson-dataformat-yaml\2.14.3\jackson-dataformat-yaml-2.14.3.jar;C:\Users\Dean\.m2\repository\org\webjars\swagger-ui\4.15.5\swagger-ui-4.15.5.jar;C:\Users\Dean\.m2\repository\org\webjars\webjars-locator-core\0.52\webjars-locator-core-0.52.jar;C:\Users\Dean\.m2\repository\io\github\classgraph\classgraph\4.8.149\classgraph-4.8.149.jar;C:\Users\Dean\.m2\repository\org\postgresql\postgresql\42.5.4\postgresql-42.5.4.jar;C:\Users\Dean\.m2\repository\org\checkerframework\checker-qual\3.5.0\checker-qual-3.5.0.jar;C:\Users\Dean\.m2\repository\io\projectreactor\reactor-core\3.5.6\reactor-core-3.5.6.jar;C:\Users\Dean\.m2\repository\org\reactivestreams\reactive-streams\1.0.4\reactive-streams-1.0.4.jar;C:\Users\Dean\.m2\repository\org\springframework\security\spring-security-core\6.0.3\spring-security-core-6.0.3.jar;C:\Users\Dean\.m2\repository\org\springframework\security\spring-security-crypto\6.0.3\spring-security-crypto-6.0.3.jar;C:\Users\Dean\.m2\repository\org\springframework\security\spring-security-web\6.0.3\spring-security-web-6.0.3.jar;C:\Users\Dean\.m2\repository\org\modelmapper\modelmapper\3.1.1\modelmapper-3.1.1.jar;C:\Users\Dean\.m2\repository\com\cloudinary\cloudinary-http44\1.33.0\cloudinary-http44-1.33.0.jar;C:\Users\Dean\.m2\repository\com\cloudinary\cloudinary-core\1.33.0\cloudinary-core-1.33.0.jar;C:\Users\Dean\.m2\repository\org\apache\commons\commons-lang3\3.12.0\commons-lang3-3.12.0.jar;C:\Users\Dean\.m2\repository\org\apache\httpcomponents\httpclient\4.5.14\httpclient-4.5.14.jar;C:\Users\Dean\.m2\repository\org\apache\httpcomponents\httpmime\4.5.14\httpmime-4.5.14.jar;C:\Users\Dean\.m2\repository\com\cloudinary\cloudinary\1.0.14\cloudinary-1.0.14.jar;C:\Users\Dean\.m2\repository\commons-lang\commons-lang\2.6\commons-lang-2.6.jar;C:\Users\Dean\.m2\repository\commons-codec\commons-codec\1.15\commons-codec-1.15.jar;C:\Users\Dean\.m2\repository\commons-collections\commons-collections\3.2.1\commons-collections-3.2.1.jar;C:\Users\Dean\.m2\repository\commons-logging\commons-logging\1.1.1\commons-logging-1.1.1.jar;C:\Users\Dean\.m2\repository\org\apache\httpcomponents\httpcore\4.4.16\httpcore-4.4.16.jar;C:\Users\Dean\.m2\repository\com\googlecode\json-simple\json-simple\1.1.1\json-simple-1.1.1.jar;C:\Users\Dean\.m2\repository\junit\junit\4.13.2\junit-4.13.2.jar;C:\Users\Dean\.m2\repository\org\hamcrest\hamcrest-core\2.2\hamcrest-core-2.2.jar;C:\Users\Dean\.m2\repository\com\sendinblue\sib-api-v3-sdk\6.0.0\sib-api-v3-sdk-6.0.0.jar;C:\Users\Dean\.m2\repository\io\swagger\swagger-annotations\1.5.18\swagger-annotations-1.5.18.jar;C:\Users\Dean\.m2\repository\com\squareup\okhttp\okhttp\2.7.5\okhttp-2.7.5.jar;C:\Users\Dean\.m2\repository\com\squareup\okio\okio\1.14.0\okio-1.14.0.jar;C:\Users\Dean\.m2\repository\com\squareup\okhttp\logging-interceptor\2.7.5\logging-interceptor-2.7.5.jar;C:\Users\Dean\.m2\repository\com\google\code\gson\gson\2.9.1\gson-2.9.1.jar;C:\Users\Dean\.m2\repository\io\gsonfire\gson-fire\1.8.2\gson-fire-1.8.2.jar;C:\Users\Dean\.m2\repository\org\threeten\threetenbp\1.3.5\threetenbp-1.3.5.jar;C:\Users\Dean\.m2\repository\javax\xml\bind\jaxb-api\2.4.0-b180830.0359\jaxb-api-2.4.0-b180830.0359.jar;C:\Users\Dean\.m2\repository\javax\activation\javax.activation-api\1.2.0\javax.activation-api-1.2.0.jar;C:\Users\Dean\.m2\repository\io\jsonwebtoken\jjwt\0.9.1\jjwt-0.9.1.jar;C:\Users\Dean\.m2\repository\org\springframework\boot\spring-boot-starter-data-jpa\3.0.7\spring-boot-starter-data-jpa-3.0.7.jar;C:\Users\Dean\.m2\repository\org\springframework\boot\spring-boot-starter-aop\3.0.7\spring-boot-starter-aop-3.0.7.jar;C:\Users\Dean\.m2\repository\org\aspectj\aspectjweaver\1.9.19\aspectjweaver-1.9.19.jar;C:\Users\Dean\.m2\repository\org\springframework\boot\spring-boot-starter-jdbc\3.0.7\spring-boot-starter-jdbc-3.0.7.jar;C:\Users\Dean\.m2\repository\com\zaxxer\HikariCP\5.0.1\HikariCP-5.0.1.jar;C:\Users\Dean\.m2\repository\org\springframework\spring-jdbc\6.0.9\spring-jdbc-6.0.9.jar;C:\Users\Dean\.m2\repository\org\hibernate\orm\hibernate-core\6.1.7.Final\hibernate-core-6.1.7.Final.jar;C:\Users\Dean\.m2\repository\jakarta\persistence\jakarta.persistence-api\3.1.0\jakarta.persistence-api-3.1.0.jar;C:\Users\Dean\.m2\repository\jakarta\transaction\jakarta.transaction-api\2.0.1\jakarta.transaction-api-2.0.1.jar;C:\Users\Dean\.m2\repository\org\jboss\logging\jboss-logging\3.5.0.Final\jboss-logging-3.5.0.Final.jar;C:\Users\Dean\.m2\repository\org\hibernate\common\hibernate-commons-annotations\6.0.6.Final\hibernate-commons-annotations-6.0.6.Final.jar;C:\Users\Dean\.m2\repository\org\jboss\jandex\2.4.2.Final\jandex-2.4.2.Final.jar;C:\Users\Dean\.m2\repository\com\fasterxml\classmate\1.5.1\classmate-1.5.1.jar;C:\Users\Dean\.m2\repository\org\glassfish\jaxb\jaxb-runtime\4.0.2\jaxb-runtime-4.0.2.jar;C:\Users\Dean\.m2\repository\org\glassfish\jaxb\jaxb-core\4.0.2\jaxb-core-4.0.2.jar;C:\Users\Dean\.m2\repository\org\eclipse\angus\angus-activation\2.0.0\angus-activation-2.0.0.jar;C:\Users\Dean\.m2\repository\org\glassfish\jaxb\txw2\4.0.2\txw2-4.0.2.jar;C:\Users\Dean\.m2\repository\com\sun\istack\istack-commons-runtime\4.1.1\istack-commons-runtime-4.1.1.jar;C:\Users\Dean\.m2\repository\jakarta\inject\jakarta.inject-api\2.0.0\jakarta.inject-api-2.0.0.jar;C:\Users\Dean\.m2\repository\org\antlr\antlr4-runtime\4.10.1\antlr4-runtime-4.10.1.jar;C:\Users\Dean\.m2\repository\org\springframework\data\spring-data-jpa\3.0.6\spring-data-jpa-3.0.6.jar;C:\Users\Dean\.m2\repository\org\springframework\data\spring-data-commons\3.0.6\spring-data-commons-3.0.6.jar;C:\Users\Dean\.m2\repository\org\springframework\spring-orm\6.0.9\spring-orm-6.0.9.jar;C:\Users\Dean\.m2\repository\org\springframework\spring-tx\6.0.9\spring-tx-6.0.9.jar;C:\Users\Dean\.m2\repository\org\springframework\spring-aspects\6.0.9\spring-aspects-6.0.9.jar;C:\Users\Dean\.m2\repository\com\fasterxml\jackson\datatype\jackson-datatype-jsr310\2.15.1\jackson-datatype-jsr310-2.15.1.jar;C:\Users\Dean\.m2\repository\com\fasterxml\jackson\core\jackson-annotations\2.14.3\jackson-annotations-2.14.3.jar;C:\Users\Dean\.m2\repository\org\springframework\boot\spring-boot-starter-security\3.1.0\spring-boot-starter-security-3.1.0.jar;C:\Users\Dean\.m2\repository\org\springframework\spring-aop\6.0.9\spring-aop-6.0.9.jar;C:\Users\Dean\.m2\repository\org\springframework\security\spring-security-config\6.0.3\spring-security-config-6.0.3.jar;C:\Users\Dean\.m2\repository\org\springframework\boot\spring-boot-starter-validation\3.1.0\spring-boot-starter-validation-3.1.0.jar;C:\Users\Dean\.m2\repository\org\apache\tomcat\embed\tomcat-embed-el\10.1.8\tomcat-embed-el-10.1.8.jar;C:\Users\Dean\.m2\repository\org\hibernate\validator\hibernate-validator\8.0.0.Final\hibernate-validator-8.0.0.Final.jar;C:\Users\Dean\.m2\repository\jakarta\validation\jakarta.validation-api\3.0.2\jakarta.validation-api-3.0.2.jar
Launcher Type: SUN_STANDARD

[Global flags]
     intx CICompilerCount                          = 3                                         {product} {ergonomic}
     uint ConcGCThreads                            = 1                                         {product} {ergonomic}
     uint G1ConcRefinementThreads                  = 4                                         {product} {ergonomic}
   size_t G1HeapRegionSize                         = 1048576                                   {product} {ergonomic}
    uintx GCDrainStackTargetSize                   = 64                                        {product} {ergonomic}
   size_t InitialHeapSize                          = 134217728                                 {product} {ergonomic}
     bool ManagementServer                         = true                                      {product} {command line}
   size_t MarkStackSize                            = 4194304                                   {product} {ergonomic}
   size_t MaxHeapSize                              = 2116026368                                {product} {ergonomic}
   size_t MaxNewSize                               = 1268776960                                {product} {ergonomic}
   size_t MinHeapDeltaBytes                        = 1048576                                   {product} {ergonomic}
   size_t MinHeapSize                              = 8388608                                   {product} {ergonomic}
    uintx NonProfiledCodeHeapSize                  = 0                                      {pd product} {ergonomic}
     bool ProfileInterpreter                       = false                                  {pd product} {command line}
    uintx ProfiledCodeHeapSize                     = 0                                      {pd product} {ergonomic}
   size_t SoftMaxHeapSize                          = 2116026368                             {manageable} {ergonomic}
     intx TieredStopAtLevel                        = 1                                         {product} {command line}
     bool UseCompressedClassPointers               = true                           {product lp64_product} {ergonomic}
     bool UseCompressedOops                        = true                           {product lp64_product} {ergonomic}
     bool UseG1GC                                  = true                                      {product} {ergonomic}
     bool UseLargePagesIndividualAllocation        = false                                  {pd product} {ergonomic}

Logging:
Log output configuration:
 #0: stdout all=warning uptime,level,tags foldmultilines=false
 #1: stderr all=off uptime,level,tags foldmultilines=false

Environment Variables:
PATH=C:\Program Files\Common Files\Oracle\Java\javapath;C:\WINDOWS\system32;C:\WINDOWS;C:\WINDOWS\System32\Wbem;C:\WINDOWS\System32\WindowsPowerShell\v1.0\;C:\WINDOWS\System32\OpenSSH\;C:\Program Files (x86)\Intel\Intel(R) Management Engine Components\DAL;C:\Program Files\Intel\Intel(R) Management Engine Components\DAL;C:\ProgramData\chocolatey\bin;C:\Program Files\Docker\Docker\resources\bin;C:\Program Files\Go\bin;C:\Program Files\PowerShell\7\;C:\Program Files\Git\cmd;C:\Program Files\nodejs\;C:\Program Files\Amazon\AWSCLIV2\;C:\Program Files\MySQL\MySQL Shell 8.0\bin\;C:\Users\Dean\AppData\Local\Microsoft\WindowsApps;C:\Program Files\JetBrains\IntelliJ IDEA 2022.2.2\bin;C:\Program Files\JetBrains\PyCharm 2022.2\bin;C:\Program Files\JetBrains\WebStorm 2022.3\bin;C:\Users\Dean\AppData\Local\JetBrains\Toolbox\scripts;;C:\Users\Dean\AppData\Local\Programs\Microsoft VS Code\bin;C:\Users\Dean\go\bin;C:\Program Files\JetBrains\GoLand 2023.1\bin;;C:\Users\Dean\AppData\Roaming\npm;C:\Program Files\JetBrains\IntelliJ IDEA 2023.1.1\bin;
USERNAME=Dean
OS=Windows_NT
PROCESSOR_IDENTIFIER=Intel64 Family 6 Model 78 Stepping 3, GenuineIntel
TMP=C:\Users\Dean\AppData\Local\Temp
TEMP=C:\Users\Dean\AppData\Local\Temp



---------------  S Y S T E M  ---------------

OS:
 Windows 11 , 64 bit Build 22621 (10.0.22621.1835)
OS uptime: 0 days 10:40 hours

CPU: total 4 (initial active 4) (2 cores per cpu, 2 threads per core) family 6 model 78 stepping 3 microcode 0xf0, cx8, cmov, fxsr, ht, mmx, 3dnowpref, sse, sse2, sse3, ssse3, sse4.1, sse4.2, popcnt, lzcnt, tsc, tscinvbit, avx, avx2, aes, erms, clmul, bmi1, bmi2, rtm, adx, fma, vzeroupper, clflush, clflushopt, rdtscp

Memory: 4k page, system-wide physical 8071M (283M free)
TotalPageFile size 32647M (AvailPageFile size 14M)
current process WorkingSet (physical memory assigned to process): 243M, peak: 243M
current process commit charge ("private bytes"): 301M, peak: 327M

vm_info: Java HotSpot(TM) 64-Bit Server VM (19.0.1+10-21) for windows-amd64 JRE (19.0.1+10-21), built on 2022-09-14T12:45:06Z by "mach5one" with MS VC++ 17.1 (VS2022)

END.
